<?xml version="1.0" encoding="UTF-8"?>
<testsuite name="com.compare.SmokeTest" tests="6" skipped="0" failures="0" errors="0" timestamp="2026-04-12T09:39:36" hostname="Ilyas-MacBook-Pro.local" time="0.225">
  <properties/>
  <testcase name="Jackson 3 large round-trip()" classname="com.compare.SmokeTest" time="0.168"/>
  <testcase name="Jackson 2 large round-trip()" classname="com.compare.SmokeTest" time="0.037"/>
  <testcase name="Jackson 3 small round-trip()" classname="com.compare.SmokeTest" time="0.005"/>
  <testcase name="kotlinx serialization large round-trip()" classname="com.compare.SmokeTest" time="0.007"/>
  <testcase name="Jackson 2 small round-trip()" classname="com.compare.SmokeTest" time="0.004"/>
  <testcase name="kotlinx serialization small round-trip()" classname="com.compare.SmokeTest" time="0.001"/>
  <system-out><![CDATA[]]></system-out>
  <system-err><![CDATA[]]></system-err>
</testsuite>
